<?xml version="1.0" encoding="UTF-8"?>
<!-- Generated by org.testng.reporters.JUnitReportReporter -->
<testsuite hostname="DESKTOP-T0TIKOH" failures="0" tests="1" name="com.mailchimp.automation.testcases.DashboardPageTest" time="13.576" errors="0" timestamp="08 Aug 2018 19:48:46 GMT" skipped="0">
  <testcase classname="com.mailchimp.automation.testcases.DashboardPageTest" name="verifyDashBoardSuccessfully" time="13.576"/>
</testsuite> <!-- com.mailchimp.automation.testcases.DashboardPageTest -->
