<?xml version="1.0" encoding="UTF-8"?>
<!-- Generated by org.testng.reporters.JUnitReportReporter -->
<testsuite hostname="DESKTOP-T0TIKOH" failures="0" tests="1" name="com.mailchimp.automation.testcases.LogoutPageTest" time="4.772" errors="0" timestamp="08 Aug 2018 19:32:59 GMT" skipped="0">
  <testcase classname="com.mailchimp.automation.testcases.LogoutPageTest" name="verifyLogOutSuccessfully" time="4.772"/>
</testsuite> <!-- com.mailchimp.automation.testcases.LogoutPageTest -->
