<?xml version="1.0" encoding="UTF-8"?>
<!-- Generated by org.testng.reporters.JUnitReportReporter -->
<testsuite hostname="DESKTOP-T0TIKOH" failures="0" tests="1" name="com.mailchimp.automation.testcases.HomePageTest" time="0.119" errors="0" timestamp="08 Aug 2018 19:08:20 GMT" skipped="0">
  <testcase classname="com.mailchimp.automation.testcases.HomePageTest" name="verifyHomePageTitleTest" time="0.119"/>
</testsuite> <!-- com.mailchimp.automation.testcases.HomePageTest -->
