<?xml version="1.0" encoding="UTF-8"?>
<!-- Generated by org.testng.reporters.JUnitReportReporter -->
<testsuite hostname="DESKTOP-T0TIKOH" failures="0" tests="1" name="com.mailchimp.automation.testcases.CreateListPageTest" time="16.111" errors="0" timestamp="08 Aug 2018 20:07:23 GMT" skipped="0">
  <testcase classname="com.mailchimp.automation.testcases.CreateListPageTest" name="verifyCreateNewList" time="16.111"/>
</testsuite> <!-- com.mailchimp.automation.testcases.CreateListPageTest -->
