<?xml version="1.0" encoding="UTF-8"?>
<!-- Generated by org.testng.reporters.JUnitReportReporter -->
<testsuite hostname="DESKTOP-T0TIKOH" failures="0" tests="1" name="com.mailchimp.automation.testcases.LoginPageTest" time="17.638" errors="0" timestamp="08 Aug 2018 20:07:23 GMT" skipped="0">
  <testcase classname="com.mailchimp.automation.testcases.LoginPageTest" name="verifyLoginSuccessfully" time="17.638"/>
</testsuite> <!-- com.mailchimp.automation.testcases.LoginPageTest -->
